<?xml version="1.0" encoding="UTF-8"?>
<testsuite name="one.digitalinnovation.learning.configserver.ConfigServerApplicationTests" tests="1" skipped="0" failures="0" errors="0" timestamp="2021-07-19T02:26:11" hostname="ALLDELLOPTILEX" time="0.697">
  <properties/>
  <testcase name="contextLoads()" classname="one.digitalinnovation.learning.configserver.ConfigServerApplicationTests" time="0.697"/>
  <system-out><![CDATA[23:26:02.434 [Test worker] DEBUG org.springframework.test.context.BootstrapUtils - Instantiating CacheAwareContextLoaderDelegate from class [org.springframework.test.context.cache.DefaultCacheAwareContextLoaderDelegate]
23:26:02.461 [Test worker] DEBUG org.springframework.test.context.BootstrapUtils - Instantiating BootstrapContext using constructor [public org.springframework.test.context.support.DefaultBootstrapContext(java.lang.Class,org.springframework.test.context.CacheAwareContextLoaderDelegate)]
23:26:02.526 [Test worker] DEBUG org.springframework.test.context.BootstrapUtils - Instantiating TestContextBootstrapper for test class [one.digitalinnovation.learning.configserver.ConfigServerApplicationTests] from class [org.springframework.boot.test.context.SpringBootTestContextBootstrapper]
23:26:02.556 [Test worker] INFO org.springframework.boot.test.context.SpringBootTestContextBootstrapper - Neither @ContextConfiguration nor @ContextHierarchy found for test class [one.digitalinnovation.learning.configserver.ConfigServerApplicationTests], using SpringBootContextLoader
23:26:02.563 [Test worker] DEBUG org.springframework.test.context.support.AbstractContextLoader - Did not detect default resource location for test class [one.digitalinnovation.learning.configserver.ConfigServerApplicationTests]: class path resource [one/digitalinnovation/learning/configserver/ConfigServerApplicationTests-context.xml] does not exist
23:26:02.563 [Test worker] DEBUG org.springframework.test.context.support.AbstractContextLoader - Did not detect default resource location for test class [one.digitalinnovation.learning.configserver.ConfigServerApplicationTests]: class path resource [one/digitalinnovation/learning/configserver/ConfigServerApplicationTestsContext.groovy] does not exist
23:26:02.564 [Test worker] INFO org.springframework.test.context.support.AbstractContextLoader - Could not detect default resource locations for test class [one.digitalinnovation.learning.configserver.ConfigServerApplicationTests]: no resource found for suffixes {-context.xml, Context.groovy}.
23:26:02.565 [Test worker] INFO org.springframework.test.context.support.AnnotationConfigContextLoaderUtils - Could not detect default configuration classes for test class [one.digitalinnovation.learning.configserver.ConfigServerApplicationTests]: ConfigServerApplicationTests does not declare any static, non-private, non-final, nested classes annotated with @Configuration.
23:26:02.647 [Test worker] DEBUG org.springframework.test.context.support.ActiveProfilesUtils - Could not find an 'annotation declaring class' for annotation type [org.springframework.test.context.ActiveProfiles] and class [one.digitalinnovation.learning.configserver.ConfigServerApplicationTests]
23:26:02.775 [Test worker] DEBUG org.springframework.context.annotation.ClassPathScanningCandidateComponentProvider - Identified candidate component class: file [C:\Users\almyr\Dio.microservices.springcloud\dio-Microsvs-spring-cloud-learning\config-server\build\classes\java\main\one\digitalinnovation\learning\configserver\ConfigServerApplication.class]
23:26:02.777 [Test worker] INFO org.springframework.boot.test.context.SpringBootTestContextBootstrapper - Found @SpringBootConfiguration one.digitalinnovation.learning.configserver.ConfigServerApplication for test class one.digitalinnovation.learning.configserver.ConfigServerApplicationTests
23:26:02.985 [Test worker] DEBUG org.springframework.boot.test.context.SpringBootTestContextBootstrapper - @TestExecutionListeners is not present for class [one.digitalinnovation.learning.configserver.ConfigServerApplicationTests]: using defaults.
23:26:02.987 [Test worker] INFO org.springframework.boot.test.context.SpringBootTestContextBootstrapper - Loaded default TestExecutionListener class names from location [META-INF/spring.factories]: [org.springframework.boot.test.autoconfigure.restdocs.RestDocsTestExecutionListener, org.springframework.boot.test.autoconfigure.web.client.MockRestServiceServerResetTestExecutionListener, org.springframework.boot.test.autoconfigure.web.servlet.MockMvcPrintOnlyOnFailureTestExecutionListener, org.springframework.boot.test.autoconfigure.web.servlet.WebDriverTestExecutionListener, org.springframework.boot.test.mock.mockito.MockitoTestExecutionListener, org.springframework.boot.test.mock.mockito.ResetMocksTestExecutionListener, org.springframework.test.context.web.ServletTestExecutionListener, org.springframework.test.context.support.DirtiesContextBeforeModesTestExecutionListener, org.springframework.test.context.support.DependencyInjectionTestExecutionListener, org.springframework.test.context.support.DirtiesContextTestExecutionListener, org.springframework.test.context.transaction.TransactionalTestExecutionListener, org.springframework.test.context.jdbc.SqlScriptsTestExecutionListener, org.springframework.test.context.event.EventPublishingTestExecutionListener]
23:26:03.014 [Test worker] DEBUG org.springframework.boot.test.context.SpringBootTestContextBootstrapper - Skipping candidate TestExecutionListener [org.springframework.test.context.transaction.TransactionalTestExecutionListener] due to a missing dependency. Specify custom listener classes or make the default listener classes and their required dependencies available. Offending class: [org/springframework/transaction/interceptor/TransactionAttributeSource]
23:26:03.017 [Test worker] DEBUG org.springframework.boot.test.context.SpringBootTestContextBootstrapper - Skipping candidate TestExecutionListener [org.springframework.test.context.jdbc.SqlScriptsTestExecutionListener] due to a missing dependency. Specify custom listener classes or make the default listener classes and their required dependencies available. Offending class: [org/springframework/transaction/interceptor/TransactionAttribute]
23:26:03.018 [Test worker] INFO org.springframework.boot.test.context.SpringBootTestContextBootstrapper - Using TestExecutionListeners: [org.springframework.test.context.web.ServletTestExecutionListener@59a5809c, org.springframework.test.context.support.DirtiesContextBeforeModesTestExecutionListener@23361bb, org.springframework.boot.test.mock.mockito.MockitoTestExecutionListener@57a3345, org.springframework.boot.test.autoconfigure.SpringBootDependencyInjectionTestExecutionListener@358c9ee0, org.springframework.test.context.support.DirtiesContextTestExecutionListener@40d849ad, org.springframework.test.context.event.EventPublishingTestExecutionListener@59ffc6b4, org.springframework.boot.test.autoconfigure.restdocs.RestDocsTestExecutionListener@d4b36d5, org.springframework.boot.test.autoconfigure.web.client.MockRestServiceServerResetTestExecutionListener@5ce1d202, org.springframework.boot.test.autoconfigure.web.servlet.MockMvcPrintOnlyOnFailureTestExecutionListener@5ef67d12, org.springframework.boot.test.autoconfigure.web.servlet.WebDriverTestExecutionListener@799bda1e, org.springframework.boot.test.mock.mockito.ResetMocksTestExecutionListener@2d32a666]
23:26:03.029 [Test worker] DEBUG org.springframework.test.context.support.AbstractDirtiesContextTestExecutionListener - Before test class: context [DefaultTestContext@1dd0c935 testClass = ConfigServerApplicationTests, testInstance = [null], testMethod = [null], testException = [null], mergedContextConfiguration = [WebMergedContextConfiguration@33ac7270 testClass = ConfigServerApplicationTests, locations = '{}', classes = '{class one.digitalinnovation.learning.configserver.ConfigServerApplication}', contextInitializerClasses = '[]', activeProfiles = '{}', propertySourceLocations = '{}', propertySourceProperties = '{org.springframework.boot.test.context.SpringBootTestContextBootstrapper=true}', contextCustomizers = set[org.springframework.boot.test.autoconfigure.properties.PropertyMappingContextCustomizer@0, org.springframework.boot.test.autoconfigure.web.servlet.WebDriverContextCustomizerFactory$Customizer@346e8c26, org.springframework.boot.test.context.filter.ExcludeFilterContextCustomizer@61057c8a, org.springframework.boot.test.json.DuplicateJsonObjectContextCustomizerFactory$DuplicateJsonObjectContextCustomizer@64e2b41e, org.springframework.boot.test.mock.mockito.MockitoContextCustomizer@0, org.springframework.boot.test.web.client.TestRestTemplateContextCustomizer@68af2dda], resourceBasePath = 'src/main/webapp', contextLoader = 'org.springframework.boot.test.context.SpringBootContextLoader', parent = [null]], attributes = map['org.springframework.test.context.web.ServletTestExecutionListener.activateListener' -> true]], class annotated with @DirtiesContext [false] with mode [null].
23:26:03.117 [Test worker] DEBUG org.springframework.test.context.support.TestPropertySourceUtils - Adding inlined properties to environment: {spring.jmx.enabled=false, org.springframework.boot.test.context.SpringBootTestContextBootstrapper=true, server.port=-1}

  .   ____          _            __ _ _
 /\\ / ___'_ __ _ _(_)_ __  __ _ \ \ \ \
( ( )\___ | '_ | '_| | '_ \/ _` | \ \ \ \
 \\/  ___)| |_)| | | | | || (_| |  ) ) ) )
  '  |____| .__|_| |_|_| |_\__, | / / / /
 =========|_|==============|___/=/_/_/_/
 :: Spring Boot ::        (v2.2.6.RELEASE)

2021-07-18 23:26:05.653  INFO 12600 --- [    Test worker] o.d.l.c.ConfigServerApplicationTests     : No active profile set, falling back to default profiles: default
2021-07-18 23:26:07.157  INFO 12600 --- [    Test worker] o.s.cloud.context.scope.GenericScope     : BeanFactory id=55fffbaf-1a3a-3a2f-96eb-c9c55e1cf5f6
2021-07-18 23:26:08.336  INFO 12600 --- [    Test worker] o.s.s.concurrent.ThreadPoolTaskExecutor  : Initializing ExecutorService 'applicationTaskExecutor'
2021-07-18 23:26:10.901  INFO 12600 --- [    Test worker] o.s.b.a.e.web.EndpointLinksResolver      : Exposing 2 endpoint(s) beneath base path '/actuator'
2021-07-18 23:26:11.017  INFO 12600 --- [    Test worker] o.d.l.c.ConfigServerApplicationTests     : Started ConfigServerApplicationTests in 7.876 seconds (JVM running for 10.789)
]]></system-out>
  <system-err><![CDATA[]]></system-err>
</testsuite>
